[25/Jan 19:37:08] DEBUG : com.intel.bluetooth - open using BlueCove javax.microedition.io.Connector
[25/Jan 19:37:08] DEBUG : com.intel.bluetooth - connecting btspp://001653089FAF:1;authenticate=false;encrypt=false
[25/Jan 19:37:08] DEBUG : com.intel.bluetooth - Java 1.4+ detected: 1.6.0_24; OpenJDK 64-Bit Server VM; Sun Microsystems Inc.
[25/Jan 19:37:08] DEBUG : com.intel.bluetooth - Use stack ClassLoader
[25/Jan 19:37:08] ERROR : com.intel.bluetooth - Can't load library file 
java.lang.UnsatisfiedLinkError: /tmp/bluecove_s1039549_0/libbluecove_x64.so: libbluetooth.so: cannot open shared object file: No such file or directory
	at java.lang.ClassLoader$NativeLibrary.load(Native Method)
	at java.lang.ClassLoader.loadLibrary0(ClassLoader.java:1750)
	at java.lang.ClassLoader.loadLibrary(ClassLoader.java:1646)
	at java.lang.Runtime.load0(Runtime.java:787)
	at java.lang.System.load(System.java:1022)
	at com.intel.bluetooth.NativeLibLoader.loadAsSystemResource(NativeLibLoader.java:311)
	at com.intel.bluetooth.NativeLibLoader.isAvailable(NativeLibLoader.java:198)
	at com.intel.bluetooth.BlueCoveImpl.loadNativeLibraries(BlueCoveImpl.java:380)
	at com.intel.bluetooth.BlueCoveImpl.detectStack(BlueCoveImpl.java:429)
	at com.intel.bluetooth.BlueCoveImpl.access$500(BlueCoveImpl.java:65)
	at com.intel.bluetooth.BlueCoveImpl$1.run(BlueCoveImpl.java:1020)
	at java.security.AccessController.doPrivileged(Native Method)
	at com.intel.bluetooth.BlueCoveImpl.detectStackPrivileged(BlueCoveImpl.java:1018)
	at com.intel.bluetooth.BlueCoveImpl.getBluetoothStack(BlueCoveImpl.java:1011)
	at com.intel.bluetooth.MicroeditionConnector.openImpl(MicroeditionConnector.java:196)
	at com.intel.bluetooth.MicroeditionConnector.open(MicroeditionConnector.java:162)
	at javax.microedition.io.Connector.open(Connector.java:83)
	at lejos.pc.comm.NXTCommBluecove.open(NXTCommBluecove.java:129)
	at lejos.pc.comm.NXTConnector.connectTo(NXTConnector.java:280)
	at lejos.pc.comm.NXTConnector.connectTo(NXTConnector.java:239)
	at lejos.pc.comm.NXTConnector.connectTo(NXTConnector.java:55)
	at balle.bluetooth.Communicator.connect(Communicator.java:38)
	at balle.bluetooth.Communicator.<init>(Communicator.java:25)
	at balle.main.Runner.runRobot(Runner.java:222)
	at balle.main.Runner.main(Runner.java:142)
[25/Jan 19:37:08] ERROR : com.intel.bluetooth - Library bluecove_x64 not loaded 
java.lang.UnsatisfiedLinkError: no bluecove_x64 in java.library.path
	at java.lang.ClassLoader.loadLibrary(ClassLoader.java:1681)
	at java.lang.Runtime.loadLibrary0(Runtime.java:840)
	at java.lang.System.loadLibrary(System.java:1047)
	at com.intel.bluetooth.NativeLibLoader.tryload(NativeLibLoader.java:218)
	at com.intel.bluetooth.NativeLibLoader.isAvailable(NativeLibLoader.java:202)
	at com.intel.bluetooth.BlueCoveImpl.loadNativeLibraries(BlueCoveImpl.java:380)
	at com.intel.bluetooth.BlueCoveImpl.detectStack(BlueCoveImpl.java:429)
	at com.intel.bluetooth.BlueCoveImpl.access$500(BlueCoveImpl.java:65)
	at com.intel.bluetooth.BlueCoveImpl$1.run(BlueCoveImpl.java:1020)
	at java.security.AccessController.doPrivileged(Native Method)
	at com.intel.bluetooth.BlueCoveImpl.detectStackPrivileged(BlueCoveImpl.java:1018)
	at com.intel.bluetooth.BlueCoveImpl.getBluetoothStack(BlueCoveImpl.java:1011)
	at com.intel.bluetooth.MicroeditionConnector.openImpl(MicroeditionConnector.java:196)
	at com.intel.bluetooth.MicroeditionConnector.open(MicroeditionConnector.java:162)
	at javax.microedition.io.Connector.open(Connector.java:83)
	at lejos.pc.comm.NXTCommBluecove.open(NXTCommBluecove.java:129)
	at lejos.pc.comm.NXTConnector.connectTo(NXTConnector.java:280)
	at lejos.pc.comm.NXTConnector.connectTo(NXTConnector.java:239)
	at lejos.pc.comm.NXTConnector.connectTo(NXTConnector.java:55)
	at balle.bluetooth.Communicator.connect(Communicator.java:38)
	at balle.bluetooth.Communicator.<init>(Communicator.java:25)
	at balle.main.Runner.runRobot(Runner.java:222)
	at balle.main.Runner.main(Runner.java:142)
[25/Jan 19:37:08] DEBUG : com.intel.bluetooth - java.library.path /usr/lib/jvm/java-1.6.0-openjdk-1.6.0.0.x86_64/jre/lib/amd64/server:/usr/lib/jvm/java-1.6.0-openjdk-1.6.0.0.x86_64/jre/lib/amd64:/usr/lib/jvm/java-1.6.0-openjdk-1.6.0.0.x86_64/jre/../lib/amd64::/afs/inf.ed.ac.uk/user/s10/s1039549/Downloads/edisdp2012-4/lib/lib:/afs/inf.ed.ac.uk/user/s10/s1039549/SDP/sdp2013-group7/lib/lib:/usr/java/packages/lib/amd64:/usr/lib64:/lib64:/lib:/usr/lib
